<?xml version="1.0" encoding="utf-8"?><testsuites name="pytest tests"><testsuite name="pytest" errors="0" failures="0" skipped="0" tests="9" time="4.702" timestamp="2026-08-10T21:03:32.324811+05:30" hostname="Nikhil_PC"><testcase classname="tests.test_config" name="test_smoke_config_and_class_map_are_valid" time="0.006" /><testcase classname="tests.test_config" name="test_checkpoint_configuration_mismatch_is_rejected" time="0.006" /><testcase classname="tests.test_dataset" name="test_full_resize_produces_valid_torchvision_target" time="0.013" /><testcase classname="tests.test_dataset" name="test_instance_crop_is_square_and_nonempty" time="0.009" /><testcase classname="tests.test_metrics" name="test_joint_bbox_and_mask_map_uses_segmentation_as_primary" time="0.027" /><testcase classname="tests.test_model_registry" name="test_maskrcnn_v2_builds_custom_heads_and_small_anchors" time="2.259" /><testcase classname="tests.test_renderer" name="test_redaction_is_newly_encoded_and_reopens" time="0.006" /><testcase classname="tests.test_renderer" name="test_redaction_refuses_to_overwrite_source" time="0.006" /><testcase classname="tests.test_runtime" name="test_atomic_artifact_writes" time="0.018" /></testsuite></testsuites>